<?xml version="1.0" encoding="UTF-8"?>
<!-- Generated by org.testng.reporters.JUnitReportReporter -->
<testsuite hostname="DESKTOP-1QLUI05" failures="0" tests="1" name="selenium2.selenium2" time="18.693" errors="0" timestamp="2022-10-30T09:42:05 GMT-07:00" skipped="0">
  <testcase classname="selenium2.selenium2" name="Test" time="18.693"/>
  <system-out/>
</testsuite> <!-- selenium2.selenium2 -->
