<?xml version="1.0" encoding="UTF-8"?>
<!-- Generated by org.testng.reporters.JUnitReportReporter -->
<testsuite hostname="DESKTOP-1QLUI05" failures="0" tests="1" name="selenium.webelementmethods" time="19.122" errors="0" timestamp="2022-10-18T06:59:42 GMT-07:00" skipped="0">
  <testcase classname="selenium.webelementmethods" name="login" time="19.122"/>
  <system-out/>
</testsuite> <!-- selenium.webelementmethods -->
