<?xml version="1.0" encoding="UTF-8"?>
<!-- Generated by org.testng.reporters.JUnitReportReporter -->
<testsuite hostname="DESKTOP-1QLUI05" failures="0" tests="1" name="selenium.xml" time="4.314" errors="0" timestamp="2022-09-27T07:48:30 GMT-07:00" skipped="0">
  <testcase classname="selenium.xml" name="open" time="4.314"/>
  <system-out/>
</testsuite> <!-- selenium.xml -->
