<?xml version="1.0" encoding="UTF-8"?>
<!-- Generated by org.testng.reporters.JUnitReportReporter -->
<testsuite hostname="DESKTOP-1QLUI05" failures="0" tests="1" name="selenium.table" time="104.343" errors="0" timestamp="2022-09-28T05:22:23 GMT-07:00" skipped="0">
  <testcase classname="selenium.table" name="tabletest" time="104.343"/>
  <system-out/>
</testsuite> <!-- selenium.table -->
