<?xml version="1.0" encoding="UTF-8"?>
<!-- Generated by org.testng.reporters.JUnitReportReporter -->
<testsuite hostname="DESKTOP-1QLUI05" failures="0" tests="1" name="selenium.cookie" time="0.034" errors="0" timestamp="2022-09-28T06:49:47 GMT-07:00" skipped="0">
  <testcase classname="selenium.cookie" name="cookies" time="0.034"/>
  <system-out/>
</testsuite> <!-- selenium.cookie -->
